[22-Dec-2018 16:49:47 Europe/Berlin] PHP Notice:  Trying to get property of non-object in C:\xampp\htdocs\index.php on line 66

[22-Dec-2018 16:49:47 Europe/Berlin] PHP Notice:  Trying to get property of non-object in C:\xampp\htdocs\index.php on line 67

[22-Dec-2018 16:49:47 Europe/Berlin] PHP Notice:  Trying to get property of non-object in C:\xampp\htdocs\index.php on line 68

[22-Dec-2018 16:49:47 Europe/Berlin] PHP Notice:  Trying to get property of non-object in C:\xampp\htdocs\index.php on line 66

[22-Dec-2018 16:49:47 Europe/Berlin] PHP Notice:  Trying to get property of non-object in C:\xampp\htdocs\index.php on line 67

[22-Dec-2018 16:49:47 Europe/Berlin] PHP Notice:  Trying to get property of non-object in C:\xampp\htdocs\index.php on line 68

[22-Dec-2018 16:49:47 Europe/Berlin] PHP Notice:  Trying to get property of non-object in C:\xampp\htdocs\index.php on line 66

[22-Dec-2018 16:49:47 Europe/Berlin] PHP Notice:  Trying to get property of non-object in C:\xampp\htdocs\index.php on line 67

[22-Dec-2018 16:49:47 Europe/Berlin] PHP Notice:  Trying to get property of non-object in C:\xampp\htdocs\index.php on line 68

[22-Dec-2018 16:49:47 Europe/Berlin] PHP Notice:  Trying to get property of non-object in C:\xampp\htdocs\index.php on line 66

[22-Dec-2018 16:49:47 Europe/Berlin] PHP Notice:  Trying to get property of non-object in C:\xampp\htdocs\index.php on line 67

[22-Dec-2018 16:49:47 Europe/Berlin] PHP Notice:  Trying to get property of non-object in C:\xampp\htdocs\index.php on line 68

[22-Dec-2018 16:49:47 Europe/Berlin] PHP Notice:  Trying to get property of non-object in C:\xampp\htdocs\index.php on line 66

[22-Dec-2018 16:49:47 Europe/Berlin] PHP Notice:  Trying to get property of non-object in C:\xampp\htdocs\index.php on line 67

[22-Dec-2018 16:49:47 Europe/Berlin] PHP Notice:  Trying to get property of non-object in C:\xampp\htdocs\index.php on line 68

[22-Dec-2018 16:49:47 Europe/Berlin] PHP Notice:  Trying to get property of non-object in C:\xampp\htdocs\index.php on line 66

[22-Dec-2018 16:49:47 Europe/Berlin] PHP Notice:  Trying to get property of non-object in C:\xampp\htdocs\index.php on line 67

[22-Dec-2018 16:49:47 Europe/Berlin] PHP Notice:  Trying to get property of non-object in C:\xampp\htdocs\index.php on line 68

[22-Dec-2018 16:49:47 Europe/Berlin] PHP Notice:  Trying to get property of non-object in C:\xampp\htdocs\index.php on line 66

[22-Dec-2018 16:49:47 Europe/Berlin] PHP Notice:  Trying to get property of non-object in C:\xampp\htdocs\index.php on line 67

[22-Dec-2018 16:49:47 Europe/Berlin] PHP Notice:  Trying to get property of non-object in C:\xampp\htdocs\index.php on line 68

[22-Dec-2018 16:49:47 Europe/Berlin] PHP Notice:  Trying to get property of non-object in C:\xampp\htdocs\index.php on line 66

[22-Dec-2018 16:49:47 Europe/Berlin] PHP Notice:  Trying to get property of non-object in C:\xampp\htdocs\index.php on line 67

[22-Dec-2018 16:49:47 Europe/Berlin] PHP Notice:  Trying to get property of non-object in C:\xampp\htdocs\index.php on line 68

[22-Dec-2018 16:49:48 Europe/Berlin] PHP Notice:  Trying to get property of non-object in C:\xampp\htdocs\index.php on line 66

[22-Dec-2018 16:49:48 Europe/Berlin] PHP Notice:  Trying to get property of non-object in C:\xampp\htdocs\index.php on line 67

[22-Dec-2018 16:49:48 Europe/Berlin] PHP Notice:  Trying to get property of non-object in C:\xampp\htdocs\index.php on line 68

[22-Dec-2018 16:49:48 Europe/Berlin] PHP Notice:  Trying to get property of non-object in C:\xampp\htdocs\index.php on line 66

[22-Dec-2018 16:49:48 Europe/Berlin] PHP Notice:  Trying to get property of non-object in C:\xampp\htdocs\index.php on line 67

[22-Dec-2018 16:49:48 Europe/Berlin] PHP Notice:  Trying to get property of non-object in C:\xampp\htdocs\index.php on line 68

[22-Dec-2018 16:49:48 Europe/Berlin] PHP Notice:  Trying to get property of non-object in C:\xampp\htdocs\index.php on line 66

[22-Dec-2018 16:49:48 Europe/Berlin] PHP Notice:  Trying to get property of non-object in C:\xampp\htdocs\index.php on line 67

[22-Dec-2018 16:49:48 Europe/Berlin] PHP Notice:  Trying to get property of non-object in C:\xampp\htdocs\index.php on line 68

[22-Dec-2018 16:49:48 Europe/Berlin] PHP Notice:  Trying to get property of non-object in C:\xampp\htdocs\index.php on line 66

[22-Dec-2018 16:49:48 Europe/Berlin] PHP Notice:  Trying to get property of non-object in C:\xampp\htdocs\index.php on line 67

[22-Dec-2018 16:49:48 Europe/Berlin] PHP Notice:  Trying to get property of non-object in C:\xampp\htdocs\index.php on line 68

[22-Dec-2018 16:50:19 Europe/Berlin] PHP Notice:  Trying to get property of non-object in C:\xampp\htdocs\index.php on line 67

[22-Dec-2018 16:50:19 Europe/Berlin] PHP Notice:  Trying to get property of non-object in C:\xampp\htdocs\index.php on line 68

[22-Dec-2018 16:50:19 Europe/Berlin] PHP Notice:  Trying to get property of non-object in C:\xampp\htdocs\index.php on line 69

[22-Dec-2018 16:50:19 Europe/Berlin] PHP Notice:  Trying to get property of non-object in C:\xampp\htdocs\index.php on line 67

[22-Dec-2018 16:50:19 Europe/Berlin] PHP Notice:  Trying to get property of non-object in C:\xampp\htdocs\index.php on line 68

[22-Dec-2018 16:50:19 Europe/Berlin] PHP Notice:  Trying to get property of non-object in C:\xampp\htdocs\index.php on line 69

[22-Dec-2018 16:50:19 Europe/Berlin] PHP Notice:  Trying to get property of non-object in C:\xampp\htdocs\index.php on line 67

[22-Dec-2018 16:50:19 Europe/Berlin] PHP Notice:  Trying to get property of non-object in C:\xampp\htdocs\index.php on line 68

[22-Dec-2018 16:50:19 Europe/Berlin] PHP Notice:  Trying to get property of non-object in C:\xampp\htdocs\index.php on line 69

[22-Dec-2018 16:50:19 Europe/Berlin] PHP Notice:  Trying to get property of non-object in C:\xampp\htdocs\index.php on line 67

[22-Dec-2018 16:50:19 Europe/Berlin] PHP Notice:  Trying to get property of non-object in C:\xampp\htdocs\index.php on line 68

[22-Dec-2018 16:50:19 Europe/Berlin] PHP Notice:  Trying to get property of non-object in C:\xampp\htdocs\index.php on line 69

[22-Dec-2018 16:50:19 Europe/Berlin] PHP Notice:  Trying to get property of non-object in C:\xampp\htdocs\index.php on line 67

[22-Dec-2018 16:50:19 Europe/Berlin] PHP Notice:  Trying to get property of non-object in C:\xampp\htdocs\index.php on line 68

[22-Dec-2018 16:50:19 Europe/Berlin] PHP Notice:  Trying to get property of non-object in C:\xampp\htdocs\index.php on line 69

[22-Dec-2018 16:50:19 Europe/Berlin] PHP Notice:  Trying to get property of non-object in C:\xampp\htdocs\index.php on line 67

[22-Dec-2018 16:50:19 Europe/Berlin] PHP Notice:  Trying to get property of non-object in C:\xampp\htdocs\index.php on line 68

[22-Dec-2018 16:50:19 Europe/Berlin] PHP Notice:  Trying to get property of non-object in C:\xampp\htdocs\index.php on line 69

[22-Dec-2018 16:50:20 Europe/Berlin] PHP Notice:  Trying to get property of non-object in C:\xampp\htdocs\index.php on line 67

[22-Dec-2018 16:50:20 Europe/Berlin] PHP Notice:  Trying to get property of non-object in C:\xampp\htdocs\index.php on line 68

[22-Dec-2018 16:50:20 Europe/Berlin] PHP Notice:  Trying to get property of non-object in C:\xampp\htdocs\index.php on line 69

[22-Dec-2018 16:50:20 Europe/Berlin] PHP Notice:  Trying to get property of non-object in C:\xampp\htdocs\index.php on line 67

[22-Dec-2018 16:50:20 Europe/Berlin] PHP Notice:  Trying to get property of non-object in C:\xampp\htdocs\index.php on line 68

[22-Dec-2018 16:50:20 Europe/Berlin] PHP Notice:  Trying to get property of non-object in C:\xampp\htdocs\index.php on line 69

[22-Dec-2018 16:50:20 Europe/Berlin] PHP Notice:  Trying to get property of non-object in C:\xampp\htdocs\index.php on line 67

[22-Dec-2018 16:50:20 Europe/Berlin] PHP Notice:  Trying to get property of non-object in C:\xampp\htdocs\index.php on line 68

[22-Dec-2018 16:50:20 Europe/Berlin] PHP Notice:  Trying to get property of non-object in C:\xampp\htdocs\index.php on line 69

[22-Dec-2018 16:50:20 Europe/Berlin] PHP Notice:  Trying to get property of non-object in C:\xampp\htdocs\index.php on line 67

[22-Dec-2018 16:50:20 Europe/Berlin] PHP Notice:  Trying to get property of non-object in C:\xampp\htdocs\index.php on line 68

[22-Dec-2018 16:50:20 Europe/Berlin] PHP Notice:  Trying to get property of non-object in C:\xampp\htdocs\index.php on line 69

[22-Dec-2018 16:50:20 Europe/Berlin] PHP Notice:  Trying to get property of non-object in C:\xampp\htdocs\index.php on line 67

[22-Dec-2018 16:50:20 Europe/Berlin] PHP Notice:  Trying to get property of non-object in C:\xampp\htdocs\index.php on line 68

[22-Dec-2018 16:50:20 Europe/Berlin] PHP Notice:  Trying to get property of non-object in C:\xampp\htdocs\index.php on line 69

[22-Dec-2018 16:50:20 Europe/Berlin] PHP Notice:  Trying to get property of non-object in C:\xampp\htdocs\index.php on line 67

[22-Dec-2018 16:50:20 Europe/Berlin] PHP Notice:  Trying to get property of non-object in C:\xampp\htdocs\index.php on line 68

[22-Dec-2018 16:50:20 Europe/Berlin] PHP Notice:  Trying to get property of non-object in C:\xampp\htdocs\index.php on line 69

[22-Dec-2018 16:51:07 Europe/Berlin] PHP Notice:  Trying to get property of non-object in C:\xampp\htdocs\index.php on line 67

[22-Dec-2018 16:51:07 Europe/Berlin] PHP Notice:  Trying to get property of non-object in C:\xampp\htdocs\index.php on line 68

[22-Dec-2018 16:51:07 Europe/Berlin] PHP Notice:  Trying to get property of non-object in C:\xampp\htdocs\index.php on line 69

[22-Dec-2018 16:51:07 Europe/Berlin] PHP Notice:  Trying to get property of non-object in C:\xampp\htdocs\index.php on line 67

[22-Dec-2018 16:51:07 Europe/Berlin] PHP Notice:  Trying to get property of non-object in C:\xampp\htdocs\index.php on line 68

[22-Dec-2018 16:51:07 Europe/Berlin] PHP Notice:  Trying to get property of non-object in C:\xampp\htdocs\index.php on line 69

[22-Dec-2018 16:51:07 Europe/Berlin] PHP Notice:  Trying to get property of non-object in C:\xampp\htdocs\index.php on line 67

[22-Dec-2018 16:51:07 Europe/Berlin] PHP Notice:  Trying to get property of non-object in C:\xampp\htdocs\index.php on line 68

[22-Dec-2018 16:51:07 Europe/Berlin] PHP Notice:  Trying to get property of non-object in C:\xampp\htdocs\index.php on line 69

[22-Dec-2018 16:51:07 Europe/Berlin] PHP Notice:  Trying to get property of non-object in C:\xampp\htdocs\index.php on line 67

[22-Dec-2018 16:51:07 Europe/Berlin] PHP Notice:  Trying to get property of non-object in C:\xampp\htdocs\index.php on line 68

[22-Dec-2018 16:51:07 Europe/Berlin] PHP Notice:  Trying to get property of non-object in C:\xampp\htdocs\index.php on line 69

[22-Dec-2018 16:51:07 Europe/Berlin] PHP Notice:  Trying to get property of non-object in C:\xampp\htdocs\index.php on line 67

[22-Dec-2018 16:51:07 Europe/Berlin] PHP Notice:  Trying to get property of non-object in C:\xampp\htdocs\index.php on line 68

[22-Dec-2018 16:51:07 Europe/Berlin] PHP Notice:  Trying to get property of non-object in C:\xampp\htdocs\index.php on line 69

[22-Dec-2018 16:51:07 Europe/Berlin] PHP Notice:  Trying to get property of non-object in C:\xampp\htdocs\index.php on line 67

[22-Dec-2018 16:51:07 Europe/Berlin] PHP Notice:  Trying to get property of non-object in C:\xampp\htdocs\index.php on line 68

[22-Dec-2018 16:51:07 Europe/Berlin] PHP Notice:  Trying to get property of non-object in C:\xampp\htdocs\index.php on line 69

[22-Dec-2018 16:51:07 Europe/Berlin] PHP Notice:  Trying to get property of non-object in C:\xampp\htdocs\index.php on line 67

[22-Dec-2018 16:51:07 Europe/Berlin] PHP Notice:  Trying to get property of non-object in C:\xampp\htdocs\index.php on line 68

[22-Dec-2018 16:51:07 Europe/Berlin] PHP Notice:  Trying to get property of non-object in C:\xampp\htdocs\index.php on line 69

[22-Dec-2018 16:51:07 Europe/Berlin] PHP Notice:  Trying to get property of non-object in C:\xampp\htdocs\index.php on line 67

[22-Dec-2018 16:51:07 Europe/Berlin] PHP Notice:  Trying to get property of non-object in C:\xampp\htdocs\index.php on line 68

[22-Dec-2018 16:51:07 Europe/Berlin] PHP Notice:  Trying to get property of non-object in C:\xampp\htdocs\index.php on line 69

[22-Dec-2018 16:51:07 Europe/Berlin] PHP Notice:  Trying to get property of non-object in C:\xampp\htdocs\index.php on line 67

[22-Dec-2018 16:51:07 Europe/Berlin] PHP Notice:  Trying to get property of non-object in C:\xampp\htdocs\index.php on line 68

[22-Dec-2018 16:51:07 Europe/Berlin] PHP Notice:  Trying to get property of non-object in C:\xampp\htdocs\index.php on line 69

[22-Dec-2018 16:51:07 Europe/Berlin] PHP Notice:  Trying to get property of non-object in C:\xampp\htdocs\index.php on line 67

[22-Dec-2018 16:51:07 Europe/Berlin] PHP Notice:  Trying to get property of non-object in C:\xampp\htdocs\index.php on line 68

[22-Dec-2018 16:51:07 Europe/Berlin] PHP Notice:  Trying to get property of non-object in C:\xampp\htdocs\index.php on line 69

[22-Dec-2018 16:51:07 Europe/Berlin] PHP Notice:  Trying to get property of non-object in C:\xampp\htdocs\index.php on line 67

[22-Dec-2018 16:51:07 Europe/Berlin] PHP Notice:  Trying to get property of non-object in C:\xampp\htdocs\index.php on line 68

[22-Dec-2018 16:51:07 Europe/Berlin] PHP Notice:  Trying to get property of non-object in C:\xampp\htdocs\index.php on line 69

[22-Dec-2018 16:51:07 Europe/Berlin] PHP Notice:  Trying to get property of non-object in C:\xampp\htdocs\index.php on line 67

[22-Dec-2018 16:51:07 Europe/Berlin] PHP Notice:  Trying to get property of non-object in C:\xampp\htdocs\index.php on line 68

[22-Dec-2018 16:51:07 Europe/Berlin] PHP Notice:  Trying to get property of non-object in C:\xampp\htdocs\index.php on line 69

[22-Dec-2018 16:52:19 Europe/Berlin] PHP Notice:  Trying to get property of non-object in C:\xampp\htdocs\index.php on line 66

[22-Dec-2018 16:52:20 Europe/Berlin] PHP Notice:  Trying to get property of non-object in C:\xampp\htdocs\index.php on line 67

[22-Dec-2018 16:52:20 Europe/Berlin] PHP Notice:  Trying to get property of non-object in C:\xampp\htdocs\index.php on line 68

[22-Dec-2018 16:52:20 Europe/Berlin] PHP Notice:  Trying to get property of non-object in C:\xampp\htdocs\index.php on line 66

[22-Dec-2018 16:52:20 Europe/Berlin] PHP Notice:  Trying to get property of non-object in C:\xampp\htdocs\index.php on line 67

[22-Dec-2018 16:52:20 Europe/Berlin] PHP Notice:  Trying to get property of non-object in C:\xampp\htdocs\index.php on line 68

[22-Dec-2018 16:52:20 Europe/Berlin] PHP Notice:  Trying to get property of non-object in C:\xampp\htdocs\index.php on line 66

[22-Dec-2018 16:52:20 Europe/Berlin] PHP Notice:  Trying to get property of non-object in C:\xampp\htdocs\index.php on line 67

[22-Dec-2018 16:52:20 Europe/Berlin] PHP Notice:  Trying to get property of non-object in C:\xampp\htdocs\index.php on line 68

[22-Dec-2018 16:52:20 Europe/Berlin] PHP Notice:  Trying to get property of non-object in C:\xampp\htdocs\index.php on line 66

[22-Dec-2018 16:52:20 Europe/Berlin] PHP Notice:  Trying to get property of non-object in C:\xampp\htdocs\index.php on line 67

[22-Dec-2018 16:52:20 Europe/Berlin] PHP Notice:  Trying to get property of non-object in C:\xampp\htdocs\index.php on line 68

[22-Dec-2018 16:52:20 Europe/Berlin] PHP Notice:  Trying to get property of non-object in C:\xampp\htdocs\index.php on line 66

[22-Dec-2018 16:52:20 Europe/Berlin] PHP Notice:  Trying to get property of non-object in C:\xampp\htdocs\index.php on line 67

[22-Dec-2018 16:52:20 Europe/Berlin] PHP Notice:  Trying to get property of non-object in C:\xampp\htdocs\index.php on line 68

[22-Dec-2018 16:52:20 Europe/Berlin] PHP Notice:  Trying to get property of non-object in C:\xampp\htdocs\index.php on line 66

[22-Dec-2018 16:52:20 Europe/Berlin] PHP Notice:  Trying to get property of non-object in C:\xampp\htdocs\index.php on line 67

[22-Dec-2018 16:52:20 Europe/Berlin] PHP Notice:  Trying to get property of non-object in C:\xampp\htdocs\index.php on line 68

[22-Dec-2018 16:52:20 Europe/Berlin] PHP Notice:  Trying to get property of non-object in C:\xampp\htdocs\index.php on line 66

[22-Dec-2018 16:52:20 Europe/Berlin] PHP Notice:  Trying to get property of non-object in C:\xampp\htdocs\index.php on line 67

[22-Dec-2018 16:52:20 Europe/Berlin] PHP Notice:  Trying to get property of non-object in C:\xampp\htdocs\index.php on line 68

[22-Dec-2018 16:52:20 Europe/Berlin] PHP Notice:  Trying to get property of non-object in C:\xampp\htdocs\index.php on line 66

[22-Dec-2018 16:52:20 Europe/Berlin] PHP Notice:  Trying to get property of non-object in C:\xampp\htdocs\index.php on line 67

[22-Dec-2018 16:52:20 Europe/Berlin] PHP Notice:  Trying to get property of non-object in C:\xampp\htdocs\index.php on line 68

[22-Dec-2018 16:52:20 Europe/Berlin] PHP Notice:  Trying to get property of non-object in C:\xampp\htdocs\index.php on line 66

[22-Dec-2018 16:52:20 Europe/Berlin] PHP Notice:  Trying to get property of non-object in C:\xampp\htdocs\index.php on line 67

[22-Dec-2018 16:52:20 Europe/Berlin] PHP Notice:  Trying to get property of non-object in C:\xampp\htdocs\index.php on line 68

[22-Dec-2018 16:52:20 Europe/Berlin] PHP Notice:  Trying to get property of non-object in C:\xampp\htdocs\index.php on line 66

[22-Dec-2018 16:52:20 Europe/Berlin] PHP Notice:  Trying to get property of non-object in C:\xampp\htdocs\index.php on line 67

[22-Dec-2018 16:52:20 Europe/Berlin] PHP Notice:  Trying to get property of non-object in C:\xampp\htdocs\index.php on line 68

[22-Dec-2018 16:52:20 Europe/Berlin] PHP Notice:  Trying to get property of non-object in C:\xampp\htdocs\index.php on line 66

[22-Dec-2018 16:52:20 Europe/Berlin] PHP Notice:  Trying to get property of non-object in C:\xampp\htdocs\index.php on line 67

[22-Dec-2018 16:52:20 Europe/Berlin] PHP Notice:  Trying to get property of non-object in C:\xampp\htdocs\index.php on line 68

[22-Dec-2018 16:52:20 Europe/Berlin] PHP Notice:  Trying to get property of non-object in C:\xampp\htdocs\index.php on line 66

[22-Dec-2018 16:52:20 Europe/Berlin] PHP Notice:  Trying to get property of non-object in C:\xampp\htdocs\index.php on line 67

[22-Dec-2018 16:52:20 Europe/Berlin] PHP Notice:  Trying to get property of non-object in C:\xampp\htdocs\index.php on line 68

[22-Dec-2018 17:39:45 Europe/Berlin] PHP Notice:  Undefined offset: 0 in C:\xampp\htdocs\dbbroker.php on line 192

[22-Dec-2018 17:39:45 Europe/Berlin] PHP Fatal error:  Problem preparing query (update tabela set ukupnoUtakmica=ukupnoUtakmica -1,nereseno = nereseno - 1,setovaDatih = setovaDatih-,setovaPrimljenih = setovaPrimljenih - , brojPoena = brojPoena -1 where timID=) You have an error in your SQL syntax; check the manual that corresponds to your MariaDB server version for the right syntax to use near 'setovaPrimljenih = setovaPrimljenih - , brojPoena = brojPoena -1 where timID=' at line 1 in C:\xampp\htdocs\dbbroker.php on line 605

[22-Dec-2018 17:39:47 Europe/Berlin] PHP Notice:  Undefined offset: 0 in C:\xampp\htdocs\dbbroker.php on line 192

[22-Dec-2018 17:39:47 Europe/Berlin] PHP Fatal error:  Problem preparing query (update tabela set ukupnoUtakmica=ukupnoUtakmica -1,nereseno = nereseno - 1,setovaDatih = setovaDatih-,setovaPrimljenih = setovaPrimljenih - , brojPoena = brojPoena -1 where timID=) You have an error in your SQL syntax; check the manual that corresponds to your MariaDB server version for the right syntax to use near 'setovaPrimljenih = setovaPrimljenih - , brojPoena = brojPoena -1 where timID=' at line 1 in C:\xampp\htdocs\dbbroker.php on line 605

[22-Dec-2018 17:40:09 Europe/Berlin] PHP Notice:  Undefined offset: 0 in C:\xampp\htdocs\dbbroker.php on line 192

[22-Dec-2018 17:40:09 Europe/Berlin] PHP Fatal error:  Problem preparing query (update tabela set ukupnoUtakmica=ukupnoUtakmica -1,nereseno = nereseno - 1,setovaDatih = setovaDatih-,setovaPrimljenih = setovaPrimljenih - , brojPoena = brojPoena -1 where timID=) You have an error in your SQL syntax; check the manual that corresponds to your MariaDB server version for the right syntax to use near 'setovaPrimljenih = setovaPrimljenih - , brojPoena = brojPoena -1 where timID=' at line 1 in C:\xampp\htdocs\dbbroker.php on line 605

[22-Dec-2018 17:54:27 Europe/Berlin] PHP Fatal error:  Problem preparing query (select *,(m.setovaDatih - m.setovaPrimljenih) as setRazlika from tabela m join tim t on m.timID=t.timID join grad g on t.gradID=g.id order by m.brojPoena desc) Unknown column 'm.setovaDatih' in 'field list' in C:\xampp\htdocs\dbbroker.php on line 605

[22-Dec-2018 18:07:45 Europe/Berlin] PHP Fatal error:  Problem preparing query (select *,(m.setovaDatih - m.setovaPrimljenih) as setRazlika from tabela m join tim t on m.timID=t.timID join grad g on t.gradID=g.id order by m.brojPoena desc) Unknown column 'm.setovaDatih' in 'field list' in C:\xampp\htdocs\dbbroker.php on line 605

[22-Dec-2018 18:07:46 Europe/Berlin] PHP Fatal error:  Problem preparing query (select *,(m.setovaDatih - m.setovaPrimljenih) as setRazlika from tabela m join tim t on m.timID=t.timID join grad g on t.gradID=g.id order by m.brojPoena desc) Unknown column 'm.setovaDatih' in 'field list' in C:\xampp\htdocs\dbbroker.php on line 605

[22-Dec-2018 18:07:47 Europe/Berlin] PHP Fatal error:  Problem preparing query (select *,(m.setovaDatih - m.setovaPrimljenih) as setRazlika from tabela m join tim t on m.timID=t.timID join grad g on t.gradID=g.id order by m.brojPoena desc) Unknown column 'm.setovaDatih' in 'field list' in C:\xampp\htdocs\dbbroker.php on line 605

[22-Dec-2018 18:07:47 Europe/Berlin] PHP Fatal error:  Problem preparing query (select *,(m.setovaDatih - m.setovaPrimljenih) as setRazlika from tabela m join tim t on m.timID=t.timID join grad g on t.gradID=g.id order by m.brojPoena desc) Unknown column 'm.setovaDatih' in 'field list' in C:\xampp\htdocs\dbbroker.php on line 605

[22-Dec-2018 18:07:47 Europe/Berlin] PHP Fatal error:  Problem preparing query (select *,(m.setovaDatih - m.setovaPrimljenih) as setRazlika from tabela m join tim t on m.timID=t.timID join grad g on t.gradID=g.id order by m.brojPoena desc) Unknown column 'm.setovaDatih' in 'field list' in C:\xampp\htdocs\dbbroker.php on line 605

[22-Dec-2018 18:07:48 Europe/Berlin] PHP Fatal error:  Problem preparing query (select *,(m.setovaDatih - m.setovaPrimljenih) as setRazlika from tabela m join tim t on m.timID=t.timID join grad g on t.gradID=g.id order by m.brojPoena desc) Unknown column 'm.setovaDatih' in 'field list' in C:\xampp\htdocs\dbbroker.php on line 605

[22-Dec-2018 18:08:50 Europe/Berlin] PHP Notice:  Undefined index: nereseno in C:\xampp\htdocs\tabelaTimovi.php on line 60

[22-Dec-2018 18:08:50 Europe/Berlin] PHP Notice:  Undefined index: nereseno in C:\xampp\htdocs\tabelaTimovi.php on line 60

[22-Dec-2018 18:08:50 Europe/Berlin] PHP Notice:  Undefined index: nereseno in C:\xampp\htdocs\tabelaTimovi.php on line 60

[22-Dec-2018 18:08:50 Europe/Berlin] PHP Notice:  Undefined index: nereseno in C:\xampp\htdocs\tabelaTimovi.php on line 60

[22-Dec-2018 18:08:50 Europe/Berlin] PHP Notice:  Undefined index: nereseno in C:\xampp\htdocs\tabelaTimovi.php on line 60

[22-Dec-2018 18:08:50 Europe/Berlin] PHP Notice:  Undefined index: nereseno in C:\xampp\htdocs\tabelaTimovi.php on line 60

[22-Dec-2018 18:08:50 Europe/Berlin] PHP Notice:  Undefined index: nereseno in C:\xampp\htdocs\tabelaTimovi.php on line 60

[22-Dec-2018 18:08:50 Europe/Berlin] PHP Notice:  Undefined index: nereseno in C:\xampp\htdocs\tabelaTimovi.php on line 60

[22-Dec-2018 18:08:50 Europe/Berlin] PHP Notice:  Undefined index: nereseno in C:\xampp\htdocs\tabelaTimovi.php on line 60

[22-Dec-2018 18:08:50 Europe/Berlin] PHP Notice:  Undefined index: nereseno in C:\xampp\htdocs\tabelaTimovi.php on line 60

[22-Dec-2018 18:08:50 Europe/Berlin] PHP Notice:  Undefined index: nereseno in C:\xampp\htdocs\tabelaTimovi.php on line 60

[22-Dec-2018 18:08:50 Europe/Berlin] PHP Notice:  Undefined index: nereseno in C:\xampp\htdocs\tabelaTimovi.php on line 60

[22-Dec-2018 18:08:58 Europe/Berlin] PHP Fatal error:  Problem preparing query (select d.nazivTima as domacin ,g.nazivTima as gost,m.setovaDomacin,m.setovaGost,m.mecID,gr.naziv as grad from mec m join tim d on m.domacinID=d.timID join tim g on m.gostID=g.timID join grad gr on d.gradID=gr.id ) Unknown column 'm.setovaDomacin' in 'field list' in C:\xampp\htdocs\dbbroker.php on line 605

[22-Dec-2018 18:09:02 Europe/Berlin] PHP Fatal error:  Problem preparing query (select d.nazivTima as domacin ,g.nazivTima as gost,m.setovaDomacin,m.setovaGost,m.mecID,gr.naziv as grad from mec m join tim d on m.domacinID=d.timID join tim g on m.gostID=g.timID join grad gr on d.gradID=gr.id where m.domacinID=4 OR m.gostID=4) Unknown column 'm.setovaDomacin' in 'field list' in C:\xampp\htdocs\dbbroker.php on line 605

[22-Dec-2018 18:09:05 Europe/Berlin] PHP Fatal error:  Problem preparing query (select d.nazivTima as domacin ,g.nazivTima as gost,m.setovaDomacin,m.setovaGost,m.mecID,gr.naziv as grad from mec m join tim d on m.domacinID=d.timID join tim g on m.gostID=g.timID join grad gr on d.gradID=gr.id ) Unknown column 'm.setovaDomacin' in 'field list' in C:\xampp\htdocs\dbbroker.php on line 605

[22-Dec-2018 18:10:27 Europe/Berlin] PHP Notice:  Undefined index: nereseno in C:\xampp\htdocs\tabelaTimovi.php on line 60

[22-Dec-2018 18:10:27 Europe/Berlin] PHP Notice:  Undefined index: nereseno in C:\xampp\htdocs\tabelaTimovi.php on line 60

[22-Dec-2018 18:10:27 Europe/Berlin] PHP Notice:  Undefined index: nereseno in C:\xampp\htdocs\tabelaTimovi.php on line 60

[22-Dec-2018 18:10:27 Europe/Berlin] PHP Notice:  Undefined index: nereseno in C:\xampp\htdocs\tabelaTimovi.php on line 60

[22-Dec-2018 18:10:27 Europe/Berlin] PHP Notice:  Undefined index: nereseno in C:\xampp\htdocs\tabelaTimovi.php on line 60

[22-Dec-2018 18:10:27 Europe/Berlin] PHP Notice:  Undefined index: nereseno in C:\xampp\htdocs\tabelaTimovi.php on line 60

[22-Dec-2018 18:10:27 Europe/Berlin] PHP Notice:  Undefined index: nereseno in C:\xampp\htdocs\tabelaTimovi.php on line 60

[22-Dec-2018 18:10:27 Europe/Berlin] PHP Notice:  Undefined index: nereseno in C:\xampp\htdocs\tabelaTimovi.php on line 60

[22-Dec-2018 18:10:27 Europe/Berlin] PHP Notice:  Undefined index: nereseno in C:\xampp\htdocs\tabelaTimovi.php on line 60

[22-Dec-2018 18:10:27 Europe/Berlin] PHP Notice:  Undefined index: nereseno in C:\xampp\htdocs\tabelaTimovi.php on line 60

[22-Dec-2018 18:10:27 Europe/Berlin] PHP Notice:  Undefined index: nereseno in C:\xampp\htdocs\tabelaTimovi.php on line 60

[22-Dec-2018 18:10:27 Europe/Berlin] PHP Notice:  Undefined index: nereseno in C:\xampp\htdocs\tabelaTimovi.php on line 60

[22-Dec-2018 20:04:01 Europe/Berlin] PHP Notice:  Undefined index: nereseno in C:\xampp\htdocs\tabelaTimovi.php on line 60

[22-Dec-2018 20:04:01 Europe/Berlin] PHP Notice:  Undefined index: nereseno in C:\xampp\htdocs\tabelaTimovi.php on line 60

[22-Dec-2018 20:04:01 Europe/Berlin] PHP Notice:  Undefined index: nereseno in C:\xampp\htdocs\tabelaTimovi.php on line 60

[22-Dec-2018 20:04:01 Europe/Berlin] PHP Notice:  Undefined index: nereseno in C:\xampp\htdocs\tabelaTimovi.php on line 60

[22-Dec-2018 20:04:01 Europe/Berlin] PHP Notice:  Undefined index: nereseno in C:\xampp\htdocs\tabelaTimovi.php on line 60

[22-Dec-2018 20:04:01 Europe/Berlin] PHP Notice:  Undefined index: nereseno in C:\xampp\htdocs\tabelaTimovi.php on line 60

[22-Dec-2018 20:04:01 Europe/Berlin] PHP Notice:  Undefined index: nereseno in C:\xampp\htdocs\tabelaTimovi.php on line 60

[22-Dec-2018 20:04:01 Europe/Berlin] PHP Notice:  Undefined index: nereseno in C:\xampp\htdocs\tabelaTimovi.php on line 60
set
[22-Dec-2018 20:04:01 Europe/Berlin] PHP Notice:  Undefined index: nereseno in C:\xampp\htdocs\tabelaTimovi.php on line 60set
set
[22-Dec-2018 20:04:01 Europe/Berlin] PHP Notice:  Undefined index: nereseno in C:\xampp\htdocs\tabelaTimovi.php on line 60set
set
[22-Dec-2018 20:04:01 Europe/Berlin] PHP Notice:  Undefined index: nereseno in C:\xampp\htdocs\tabelaTimovi.php on line 60

[22-Dec-2018 20:04:01 Europe/Berlin] PHP Notice:  Undefined index: nereseno in C:\xampp\htdocs\tabelaTimovi.php on line 60

[22-Dec-2018 20:04:05 Europe/Berlin] PHP Fatal error:  Problem preparing query (select d.nazivTima as domacin ,g.nazivTima as gost,m.setovaDomacin,m.setovaGost,m.mecID,gr.naziv as grad from mec m join tim d on m.domacinID=d.timID join tim g on m.gostID=g.timID join grad gr on d.gradID=gr.id ) Unknown column 'm.setovaDomacin' in 'field list' in C:\xampp\htdocs\dbbroker.php on line 605

[22-Dec-2018 20:04:10 Europe/Berlin] PHP Fatal error:  Problem preparing query (select d.nazivTima as domacin ,g.nazivTima as gost,m.setovaDomacin,m.setovaGost,m.mecID,gr.naziv as grad from mec m join tim d on m.domacinID=d.timID join tim g on m.gostID=g.timID join grad gr on d.gradID=gr.id where m.domacinID=4 OR m.gostID=4) Unknown column 'm.setovaDomacin' in 'field list' in C:\xampp\htdocs\dbbroker.php on line 605

[22-Dec-2018 21:09:41 Europe/Berlin] PHP Fatal error:  Problem preparing query (select d.nazivTima as domacin ,g.nazivTima as gost,m.setovaDomacin,m.setovaGost,m.mecID,gr.naziv as grad from mec m join tim d on m.domacinID=d.timID join tim g on m.gostID=g.timID join grad gr on d.gradID=gr.id ) Unknown column 'm.setovaDomacin' in 'field list' in C:\xampp\htdocs\Odbojka\dbbroker.php on line 605

[22-Dec-2018 21:09:50 Europe/Berlin] PHP Notice:  Undefined index: nereseno in C:\xampp\htdocs\Odbojka\tabelaTimovi.php on line 60

[22-Dec-2018 21:09:50 Europe/Berlin] PHP Notice:  Undefined index: nereseno in C:\xampp\htdocs\Odbojka\tabelaTimovi.php on line 60

[22-Dec-2018 21:09:50 Europe/Berlin] PHP Notice:  Undefined index: nereseno in C:\xampp\htdocs\Odbojka\tabelaTimovi.php on line 60

[22-Dec-2018 21:09:50 Europe/Berlin] PHP Notice:  Undefined index: nereseno in C:\xampp\htdocs\Odbojka\tabelaTimovi.php on line 60

[22-Dec-2018 21:09:50 Europe/Berlin] PHP Notice:  Undefined index: nereseno in C:\xampp\htdocs\Odbojka\tabelaTimovi.php on line 60

[22-Dec-2018 21:09:50 Europe/Berlin] PHP Notice:  Undefined index: nereseno in C:\xampp\htdocs\Odbojka\tabelaTimovi.php on line 60

[22-Dec-2018 21:09:50 Europe/Berlin] PHP Notice:  Undefined index: nereseno in C:\xampp\htdocs\Odbojka\tabelaTimovi.php on line 60

[22-Dec-2018 21:09:50 Europe/Berlin] PHP Notice:  Undefined index: nereseno in C:\xampp\htdocs\Odbojka\tabelaTimovi.php on line 60

[22-Dec-2018 21:09:50 Europe/Berlin] PHP Notice:  Undefined index: nereseno in C:\xampp\htdocs\Odbojka\tabelaTimovi.php on line 60

[22-Dec-2018 21:09:50 Europe/Berlin] PHP Notice:  Undefined index: nereseno in C:\xampp\htdocs\Odbojka\tabelaTimovi.php on line 60

[22-Dec-2018 21:09:50 Europe/Berlin] PHP Notice:  Undefined index: nereseno in C:\xampp\htdocs\Odbojka\tabelaTimovi.php on line 60

[22-Dec-2018 21:09:50 Europe/Berlin] PHP Notice:  Undefined index: nereseno in C:\xampp\htdocs\Odbojka\tabelaTimovi.php on line 60

[22-Dec-2018 21:09:51 Europe/Berlin] PHP Fatal error:  Problem preparing query (select d.nazivTima as domacin ,g.nazivTima as gost,m.setovaDomacin,m.setovaGost,m.mecID,gr.naziv as grad from mec m join tim d on m.domacinID=d.timID join tim g on m.gostID=g.timID join grad gr on d.gradID=gr.id ) Unknown column 'm.setovaDomacin' in 'field list' in C:\xampp\htdocs\Odbojka\dbbroker.php on line 605

[22-Dec-2018 21:09:59 Europe/Berlin] PHP Fatal error:  Problem preparing query (select d.nazivTima as domacin ,g.nazivTima as gost,m.setovaDomacin,m.setovaGost,m.mecID,gr.naziv as grad from mec m join tim d on m.domacinID=d.timID join tim g on m.gostID=g.timID join grad gr on d.gradID=gr.id where m.domacinID=2 OR m.gostID=2) Unknown column 'm.setovaDomacin' in 'field list' in C:\xampp\htdocs\Odbojka\dbbroker.php on line 605

[22-Dec-2018 21:17:36 Europe/Berlin] PHP Notice:  Undefined index: nereseno in C:\xampp\htdocs\Odbojka\tabelaTimovi.php on line 60

[22-Dec-2018 21:17:36 Europe/Berlin] PHP Notice:  Undefined index: nereseno in C:\xampp\htdocs\Odbojka\tabelaTimovi.php on line 60

[22-Dec-2018 21:17:36 Europe/Berlin] PHP Notice:  Undefined index: nereseno in C:\xampp\htdocs\Odbojka\tabelaTimovi.php on line 60

[22-Dec-2018 21:17:36 Europe/Berlin] PHP Notice:  Undefined index: nereseno in C:\xampp\htdocs\Odbojka\tabelaTimovi.php on line 60

[22-Dec-2018 21:17:36 Europe/Berlin] PHP Notice:  Undefined index: nereseno in C:\xampp\htdocs\Odbojka\tabelaTimovi.php on line 60

[22-Dec-2018 21:17:36 Europe/Berlin] PHP Notice:  Undefined index: nereseno in C:\xampp\htdocs\Odbojka\tabelaTimovi.php on line 60

[22-Dec-2018 21:17:36 Europe/Berlin] PHP Notice:  Undefined index: nereseno in C:\xampp\htdocs\Odbojka\tabelaTimovi.php on line 60

[22-Dec-2018 21:17:36 Europe/Berlin] PHP Notice:  Undefined index: nereseno in C:\xampp\htdocs\Odbojka\tabelaTimovi.php on line 60

[22-Dec-2018 21:17:36 Europe/Berlin] PHP Notice:  Undefined index: nereseno in C:\xampp\htdocs\Odbojka\tabelaTimovi.php on line 60

[22-Dec-2018 21:17:36 Europe/Berlin] PHP Notice:  Undefined index: nereseno in C:\xampp\htdocs\Odbojka\tabelaTimovi.php on line 60

[22-Dec-2018 21:17:36 Europe/Berlin] PHP Notice:  Undefined index: nereseno in C:\xampp\htdocs\Odbojka\tabelaTimovi.php on line 60

[22-Dec-2018 21:17:36 Europe/Berlin] PHP Notice:  Undefined index: nereseno in C:\xampp\htdocs\Odbojka\tabelaTimovi.php on line 60

[22-Dec-2018 21:17:40 Europe/Berlin] PHP Fatal error:  Problem preparing query (select d.nazivTima as domacin ,g.nazivTima as gost,m.setovaDomacin,m.setovaGost,m.mecID,gr.naziv as grad from mec m join tim d on m.domacinID=d.timID join tim g on m.gostID=g.timID join grad gr on d.gradID=gr.id ) Unknown column 'm.setovaDomacin' in 'field list' in C:\xampp\htdocs\Odbojka\dbbroker.php on line 605

[22-Dec-2018 22:49:30 Europe/Berlin] PHP Fatal error:  Problem preparing query (select *,(m.setovaDatih - m.setovaPrimljenih) as golRazlika from tabela m join tim t on m.timID=t.timID join grad g on t.gradID=g.id order by m.brojPoena desc) Unknown column 'm.brojPoena' in 'order clause' in C:\xampp\htdocs\Odbojka\dbbroker.php on line 605

[22-Dec-2018 22:49:40 Europe/Berlin] PHP Fatal error:  Problem preparing query (select *,(m.setovaDatih - m.setovaPrimljenih) as golRazlika from tabela m join tim t on m.timID=t.timID join grad g on t.gradID=g.id order by m.brojPoena desc) Unknown column 'm.brojPoena' in 'order clause' in C:\xampp\htdocs\Odbojka\dbbroker.php on line 605

[22-Dec-2018 22:58:29 Europe/Berlin] PHP Fatal error:  Problem preparing query (select *,(m.setovaDatih - m.setovaPrimljenih) as golRazlika from tabela m join tim t on m.timID=t.timID join grad g on t.gradID=g.id order by m.brojPoena desc) Unknown column 'm.brojPoena' in 'order clause' in C:\xampp\htdocs\Odbojka\dbbroker.php on line 605

[22-Dec-2018 22:58:31 Europe/Berlin] PHP Fatal error:  Problem preparing query (select *,(m.setovaDatih - m.setovaPrimljenih) as golRazlika from tabela m join tim t on m.timID=t.timID join grad g on t.gradID=g.id order by m.brojPoena desc) Unknown column 'm.brojPoena' in 'order clause' in C:\xampp\htdocs\Odbojka\dbbroker.php on line 605

[22-Dec-2018 22:58:44 Europe/Berlin] PHP Fatal error:  Problem preparing query (select *,(m.setovaDatih - m.setovaPrimljenih) as golRazlika from tabela m join tim t on m.timID=t.timID join grad g on t.gradID=g.id order by m.brojPoena desc) Unknown column 'm.brojPoena' in 'order clause' in C:\xampp\htdocs\Odbojka\dbbroker.php on line 605

[23-Dec-2018 15:29:55 Europe/Berlin] PHP Fatal error:  Problem preparing query (select * from tabela m join tim t on m.timID=t.timID join grad g on t.gradID=g.id order by t.pobeda desc) Unknown column 't.pobeda' in 'order clause' in C:\xampp\htdocs\Odbojka\dbbroker.php on line 605

[23-Dec-2018 15:29:56 Europe/Berlin] PHP Fatal error:  Problem preparing query (select * from tabela m join tim t on m.timID=t.timID join grad g on t.gradID=g.id order by t.pobeda desc) Unknown column 't.pobeda' in 'order clause' in C:\xampp\htdocs\Odbojka\dbbroker.php on line 605

[23-Dec-2018 15:29:56 Europe/Berlin] PHP Fatal error:  Problem preparing query (select * from tabela m join tim t on m.timID=t.timID join grad g on t.gradID=g.id order by t.pobeda desc) Unknown column 't.pobeda' in 'order clause' in C:\xampp\htdocs\Odbojka\dbbroker.php on line 605

[23-Dec-2018 15:29:56 Europe/Berlin] PHP Fatal error:  Problem preparing query (select * from tabela m join tim t on m.timID=t.timID join grad g on t.gradID=g.id order by t.pobeda desc) Unknown column 't.pobeda' in 'order clause' in C:\xampp\htdocs\Odbojka\dbbroker.php on line 605

[23-Dec-2018 15:30:01 Europe/Berlin] PHP Fatal error:  Problem preparing query (select * from tabela m join tim t on m.timID=t.timID join grad g on t.gradID=g.id order by t.pobeda) Unknown column 't.pobeda' in 'order clause' in C:\xampp\htdocs\Odbojka\dbbroker.php on line 605

[23-Dec-2018 22:12:08 Europe/Berlin] PHP Fatal error:  Problem preparing query (update tabela set ukupnoUtakmica=ukupnoUtakmica -1,pobeda = pobeda - 1,setovaDatih = setovaDatih -3,setovaPrimljenih = setovaPrimljenih - 0, brojPoena = brojPoena -3 where timID=1) Unknown column 'brojPoena' in 'field list' in C:\xampp\htdocs\Odbojka\dbbroker.php on line 605

[23-Dec-2018 22:12:18 Europe/Berlin] PHP Fatal error:  Problem preparing query (update tabela set ukupnoUtakmica=ukupnoUtakmica -1,pobeda = pobeda - 1,setovaDatih = setovaDatih -3,setovaPrimljenih = setovaPrimljenih - 0, brojPoena = brojPoena -3 where timID=1) Unknown column 'brojPoena' in 'field list' in C:\xampp\htdocs\Odbojka\dbbroker.php on line 605

[23-Dec-2018 22:22:28 Europe/Berlin] PHP Fatal error:  Problem preparing query (update tabela set ukupnoUtakmica=ukupnoUtakmica -1,pobeda = pobeda - 1,setovaDatih = setovaDatih -3,setovaPrimljenih = setovaPrimljenih - 0, brojPoena = brojPoena -3 where timID=1) Unknown column 'brojPoena' in 'field list' in C:\xampp\htdocs\Odbojka\dbbroker.php on line 605

[23-Dec-2018 22:22:40 Europe/Berlin] PHP Notice:  Undefined index: id in C:\xampp\htdocs\Odbojka\obrisi.php on line 3

[23-Dec-2018 22:22:40 Europe/Berlin] PHP Notice:  Undefined offset: 0 in C:\xampp\htdocs\Odbojka\dbbroker.php on line 192

[23-Dec-2018 22:22:40 Europe/Berlin] PHP Fatal error:  Problem preparing query (update tabela set ukupnoUtakmica=ukupnoUtakmica -1,nereseno = nereseno - 1,setovaDatih = setovaDatih-,setovaPrimljenih = setovaPrimljenih - , brojPoena = brojPoena -1 where timID=) You have an error in your SQL syntax; check the manual that corresponds to your MariaDB server version for the right syntax to use near 'setovaPrimljenih = setovaPrimljenih - , brojPoena = brojPoena -1 where timID=' at line 1 in C:\xampp\htdocs\Odbojka\dbbroker.php on line 605

[23-Dec-2018 22:24:06 Europe/Berlin] PHP Fatal error:  Problem preparing query (update tabela set ukupnoUtakmica=ukupnoUtakmica -1,pobeda = pobeda - 1,setovaDatih = setovaDatih -3,setovaPrimljenih = setovaPrimljenih - 0, brojPoena = brojPoena -3 where timID=2) Unknown column 'brojPoena' in 'field list' in C:\xampp\htdocs\Odbojka\dbbroker.php on line 605

[23-Dec-2018 22:24:22 Europe/Berlin] PHP Fatal error:  Problem preparing query (update tabela set ukupnoUtakmica=ukupnoUtakmica +1,pobeda = pobeda + 1,setovaDatih = setovaDatih +3,setovaPrimljenih = setovaPrimljenih + 2, brojPoena = brojPoena +3 where timID=3) Unknown column 'brojPoena' in 'field list' in C:\xampp\htdocs\Odbojka\dbbroker.php on line 605

[23-Dec-2018 22:24:45 Europe/Berlin] PHP Fatal error:  Problem preparing query (update tabela set ukupnoUtakmica=ukupnoUtakmica +1,pobeda = pobeda + 1,setovaDatih = setovaDatih +3,setovaPrimljenih = setovaPrimljenih + 2, brojPoena = brojPoena +3 where timID=3) Unknown column 'brojPoena' in 'field list' in C:\xampp\htdocs\Odbojka\dbbroker.php on line 605

[23-Dec-2018 22:29:27 Europe/Berlin] PHP Fatal error:  Problem preparing query (update tabela set ukupnoUtakmica=ukupnoUtakmica +1,pobeda = pobeda + 1,setovaDatih = setovaDatih+3,setovaPrimljenih = setovaPrimljenih + 2,  where timID=1) You have an error in your SQL syntax; check the manual that corresponds to your MariaDB server version for the right syntax to use near 'where timID=1' at line 1 in C:\xampp\htdocs\Odbojka\dbbroker.php on line 605

[23-Dec-2018 22:30:48 Europe/Berlin] PHP Fatal error:  Problem preparing query (update tabela set ukupnoUtakmica=ukupnoUtakmica +1,pobeda = pobeda + 1,setovaDatih = setovaDatih+3,setovaPrimljenih = setovaPrimljenih + 2,  where timID=3) You have an error in your SQL syntax; check the manual that corresponds to your MariaDB server version for the right syntax to use near 'where timID=3' at line 1 in C:\xampp\htdocs\Odbojka\dbbroker.php on line 605

[23-Dec-2018 22:32:30 Europe/Berlin] PHP Fatal error:  Problem preparing query (update tabela set ukupnoUtakmica=ukupnoUtakmica -1,pobeda = pobeda - 1,setovaDatih = setovaDatih -3,setovaPrimljenih = setovaPrimljenih - 2,  where timID=3) You have an error in your SQL syntax; check the manual that corresponds to your MariaDB server version for the right syntax to use near 'where timID=3' at line 1 in C:\xampp\htdocs\Odbojka\dbbroker.php on line 605

[23-Dec-2018 22:39:10 Europe/Berlin] PHP Fatal error:  Problem preparing query (update tabela set ukupnoUtakmica=ukupnoUtakmica -1,pobeda = pobeda - 1,setovaDatih = setovaDatih-3,setovaPrimljenih = setovaPrimljenih - 2,  where timID=1) You have an error in your SQL syntax; check the manual that corresponds to your MariaDB server version for the right syntax to use near 'where timID=1' at line 1 in C:\xampp\htdocs\Odbojka\dbbroker.php on line 605

[23-Dec-2018 22:41:21 Europe/Berlin] PHP Fatal error:  Problem preparing query (update tabela set ukupnoUtakmica=ukupnoUtakmica -1,pobeda = pobeda - 1,setovaDatih = setovaDatih-3,setovaPrimljenih = setovaPrimljenih - 2,  where timID=1) You have an error in your SQL syntax; check the manual that corresponds to your MariaDB server version for the right syntax to use near 'where timID=1' at line 1 in C:\xampp\htdocs\Odbojka\dbbroker.php on line 605

[23-Dec-2018 22:47:07 Europe/Berlin] PHP Fatal error:  Problem preparing query (update tabela set ukupnoUtakmica=ukupnoUtakmica -1,pobeda = pobeda - 1,setovaDatih = setovaDatih -3,setovaPrimljenih = setovaPrimljenih - 2,  where timID=3) You have an error in your SQL syntax; check the manual that corresponds to your MariaDB server version for the right syntax to use near 'where timID=3' at line 1 in C:\xampp\htdocs\Odbojka\dbbroker.php on line 605

[24-Dec-2018 21:39:52 Europe/Berlin] PHP Fatal error:  Problem preparing query (update tabela set ukupnoUtakmica=ukupnoUtakmica -1,pobeda = pobeda - 1,setovaDatih = setovaDatih -3,setovaPrimljenih = setovaPrimljenih - 2,  where timID=3) You have an error in your SQL syntax; check the manual that corresponds to your MariaDB server version for the right syntax to use near 'where timID=3' at line 1 in C:\xampp\htdocs\Odbojka\dbbroker.php on line 605

[24-Dec-2018 21:42:35 Europe/Berlin] PHP Fatal error:  Problem preparing query (update tabela set ukupnoUtakmica=ukupnoUtakmica -1,pobeda = pobeda - 1,setovaDatih = setovaDatih-3,setovaPrimljenih = setovaPrimljenih - 2,  where timID=1) You have an error in your SQL syntax; check the manual that corresponds to your MariaDB server version for the right syntax to use near 'where timID=1' at line 1 in C:\xampp\htdocs\Odbojka\dbbroker.php on line 605

[24-Dec-2018 21:43:37 Europe/Berlin] PHP Fatal error:  Problem preparing query (update tabela set ukupnoUtakmica=ukupnoUtakmica -1,pobeda = pobeda - 1,setovaDatih = setovaDatih -3,setovaPrimljenih = setovaPrimljenih - 2,  where timID=3) You have an error in your SQL syntax; check the manual that corresponds to your MariaDB server version for the right syntax to use near 'where timID=3' at line 1 in C:\xampp\htdocs\Odbojka\dbbroker.php on line 605

[24-Dec-2020 21:43:45 Europe/Berlin] PHP Fatal error:  Problem preparing query (update tabela set ukupnoUtakmica=ukupnoUtakmica -1,pobeda = pobeda - 1,setovaDatih = setovaDatih -3,setovaPrimljenih = setovaPrimljenih - 2,  where timID=3) You have an error in your SQL syntax; check the manual that corresponds to your MariaDB server version for the right syntax to use near 'where timID=3' at line 1 in C:\xampp\htdocs\Odbojka\dbbroker.php on line 605

[11-Dec-2020 18:16:08 Europe/Berlin] PHP Warning:  mysqli::__construct(): (HY000/2002): No connection could be made because the target machine actively refused it.
 in C:\xampp\htdocs\Odbojka\dbbroker.php on line 74
[11-Dec-2020 18:16:08 Europe/Berlin] PHP Warning:  mysqli::set_charset(): Couldn't fetch mysqli in C:\xampp\htdocs\Odbojka\dbbroker.php on line 77
[11-Dec-2020 18:16:08 Europe/Berlin] PHP Warning:  mysqli::prepare(): Couldn't fetch mysqli in C:\xampp\htdocs\Odbojka\dbbroker.php on line 604
[11-Dec-2020 18:16:08 Europe/Berlin] PHP Warning:  DBBroker::_prepareQuery(): Couldn't fetch mysqli in C:\xampp\htdocs\Odbojka\dbbroker.php on line 605
[11-Dec-2020 18:16:08 Europe/Berlin] PHP Fatal error:  Problem preparing query (select * from tim t join grad g on t.gradID=g.id)  in C:\xampp\htdocs\Odbojka\dbbroker.php on line 605
